<?xml version="1.0" encoding="UTF-8"?>
<!-- Generated by org.testng.reporters.JUnitReportReporter -->
<testsuite hostname="DESKTOP-5QPPC2Q" failures="0" tests="4" name="testNG.sample2" time="0.011" errors="0" timestamp="2022-06-07T18:52:15 IST" skipped="0">
  <testcase classname="testNG.sample2" name="d" time="0.002"/>
  <system-out>
    <![CDATA[running d]]>
  </system-out>
  <testcase classname="testNG.sample2" name="b" time="0.005"/>
  <system-out>
    <![CDATA[running b]]>
  </system-out>
  <testcase classname="testNG.sample2" name="c" time="0.003"/>
  <system-out>
    <![CDATA[running c]]>
  </system-out>
  <testcase classname="testNG.sample2" name="a" time="0.001"/>
  <system-out>
    <![CDATA[running a]]>
  </system-out>
</testsuite> <!-- testNG.sample2 -->
