<?xml version="1.0" encoding="UTF-8"?>
<!-- Generated by org.testng.reporters.JUnitReportReporter -->
<testsuite hostname="DESKTOP-5QPPC2Q" failures="0" tests="8" name="testNG.TestNGkewords" time="0.033" errors="0" timestamp="2022-06-07T18:31:45 IST" skipped="1">
  <testcase classname="testNG.TestNGkewords" name="b" time="0.013"/>
  <system-out>
    <![CDATA[running b]]>
  </system-out>
  <testcase classname="testNG.TestNGkewords" name="c" time="0.003"/>
  <system-out>
    <![CDATA[running c]]>
  </system-out>
  <testcase classname="testNG.TestNGkewords" name="c" time="0.003"/>
  <system-out>
    <![CDATA[running c]]>
  </system-out>
  <testcase classname="testNG.TestNGkewords" name="c" time="0.003"/>
  <system-out>
    <![CDATA[running c]]>
  </system-out>
  <testcase classname="testNG.TestNGkewords" name="c" time="0.003"/>
  <system-out>
    <![CDATA[running c]]>
  </system-out>
  <testcase classname="testNG.TestNGkewords" name="c" time="0.003"/>
  <system-out>
    <![CDATA[running c]]>
  </system-out>
  <testcase classname="testNG.TestNGkewords" name="d" time="0.005"/>
  <system-out>
    <![CDATA[running d]]>
  </system-out>
  <testcase classname="testNG.TestNGkewords" name="a">
    <skipped/>
  </testcase> <!-- a -->
  <system-out/>
</testsuite> <!-- testNG.TestNGkewords -->
