<?xml version="1.0" encoding="UTF-8"?>
<!-- Generated by org.testng.reporters.JUnitReportReporter -->
<testsuite hostname="DESKTOP-5QPPC2Q" failures="0" tests="2" name="testNG.groups2" time="0.004" errors="0" timestamp="2022-06-08T17:24:16 IST" skipped="0">
  <testcase classname="testNG.groups2" name="b" time="0.002"/>
  <system-out>
    <![CDATA[running b]]>
  </system-out>
  <testcase classname="testNG.groups2" name="e" time="0.002"/>
  <system-out>
    <![CDATA[running e]]>
  </system-out>
</testsuite> <!-- testNG.groups2 -->
