<?xml version="1.0" encoding="UTF-8"?>
<!-- Generated by org.testng.reporters.JUnitReportReporter -->
<testsuite hostname="DESKTOP-5QPPC2Q" failures="0" tests="7" name="testNG.disabletestcases" time="0.032" errors="0" timestamp="2022-06-08T17:49:41 IST" skipped="0">
  <testcase classname="testNG.disabletestcases" name="e" time="0.002"/>
  <system-out>
    <![CDATA[running e]]>
  </system-out>
  <testcase classname="testNG.disabletestcases" name="g" time="0.001"/>
  <system-out>
    <![CDATA[running g]]>
  </system-out>
  <testcase classname="testNG.disabletestcases" name="i" time="0.002"/>
  <system-out>
    <![CDATA[running i]]>
  </system-out>
  <testcase classname="testNG.disabletestcases" name="j" time="0.002"/>
  <system-out>
    <![CDATA[running j]]>
  </system-out>
  <testcase classname="testNG.disabletestcases" name="d" time="0.022"/>
  <system-out>
    <![CDATA[running d]]>
  </system-out>
  <testcase classname="testNG.disabletestcases" name="f" time="0.002"/>
  <system-out>
    <![CDATA[running f]]>
  </system-out>
  <testcase classname="testNG.disabletestcases" name="h" time="0.001"/>
  <system-out>
    <![CDATA[running h]]>
  </system-out>
</testsuite> <!-- testNG.disabletestcases -->
