<?xml version="1.0" encoding="UTF-8"?>
<!-- Generated by org.testng.reporters.JUnitReportReporter -->
<testsuite hostname="DESKTOP-5QPPC2Q" failures="0" tests="1" name="testNG.paralleltesting2" time="18.251" errors="0" timestamp="2022-06-08T17:39:53 IST" skipped="0">
  <testcase classname="testNG.paralleltesting2" name="openguru99" time="18.251"/>
  <system-out/>
</testsuite> <!-- testNG.paralleltesting2 -->
