<?xml version="1.0" encoding="UTF-8"?>
<!-- Generated by org.testng.reporters.JUnitReportReporter -->
<testsuite hostname="DESKTOP-5QPPC2Q" failures="0" tests="3" name="testNG.Annotations_emailablereport" time="0.014" errors="0" timestamp="2022-06-06T21:18:59 IST" skipped="0">
  <testcase classname="testNG.Annotations_emailablereport" name="c" time="0.003"/>
  <system-out>
    <![CDATA[c test case running]]>
  </system-out>
  <testcase classname="testNG.Annotations_emailablereport" name="a" time="0.008"/>
  <system-out>
    <![CDATA[a test case running]]>
  </system-out>
  <testcase classname="testNG.Annotations_emailablereport" name="b" time="0.003"/>
  <system-out>
    <![CDATA[b test case running]]>
  </system-out>
</testsuite> <!-- testNG.Annotations_emailablereport -->
